ERROR:root:20250327-003027 [FAILED] TypeError - The argument entered into the command line is not supported.
ERROR:root:20250327-004621 [FAILED] An error has occured: [Errno 21] Is a directory: '/home/ec2-user/environment/ICTPRG302Assessment/Backup_Program/test_files/foldertest'
ERROR:root:20250327-005157 [FAILED] An error has occured: [Errno 21] Is a directory: '/home/ec2-user/environment/ICTPRG302Assessment/Backup_Program/test_files/foldertest'
ERROR:root:20250327-005311 [FAILED] An error has occured: [Errno 21] Is a directory: '/home/ec2-user/environment/ICTPRG302Assessment/Backup_Program/test_files/foldertest'
INFO:root:20250327-005359 [SUCCESS] '/home/ec2-user/environment/ICTPRG302Assessment/Backup_Program/test_files/foldertest' has been backed up succesfully to '/home/ec2-user/environment/ICTPRG302Assessment/Backup_Program/backups/foldertest_backup_20250327-005359'
INFO:root:20250327-005532 [SUCCESS] '/home/ec2-user/environment/ICTPRG302Assessment/Backup_Program/test_files/foldertest' has been backed up succesfully to '/home/ec2-user/environment/ICTPRG302Assessment/Backup_Program/backups/foldertest_backup_20250327-005532'
INFO:root:20250327-005701 [SUCCESS] '/home/ec2-user/environment/ICTPRG302Assessment/Backup_Program/test_files/foldertest' has been backed up succesfully to '/home/ec2-user/environment/ICTPRG302Assessment/Backup_Program/backups/foldertest_backup_20250327-005701'
INFO:root:20250327-005805 [SUCCESS] '/home/ec2-user/environment/ICTPRG302Assessment/Backup_Program/test_files/text.txt' has been backed up succesfully to '/home/ec2-user/environment/ICTPRG302Assessment/Backup_Program/backups/text_backup_20250327-005805.txt'
INFO:root:20250327-005809 [SUCCESS] '/home/ec2-user/environment/ICTPRG302Assessment/Backup_Program/test_files/testpython.py' has been backed up succesfully to '/home/ec2-user/environment/ICTPRG302Assessment/Backup_Program/backups/testpython_backup_20250327-005809.py'
ERROR:root:20250327-010323 [FAILED] TypeError - The argument entered into the command line is not supported.
ERROR:root:20250327-010339 [FAILED] TypeError - The argument entered into the command line is not supported.
ERROR:root:20250327-013116 [FAILED] TypeError - The argument entered into the command line is not supported.
ERROR:root:20250327-013157 [FAILED] TypeError - The argument entered into the command line is not supported.
INFO:root:20250327-013159 [SUCCESS] '/home/ec2-user/environment/ICTPRG302Assessment/Backup_Program/test_files/text.txt' has been backed up succesfully to '/home/ec2-user/environment/ICTPRG302Assessment/Backup_Program/backups/text_backup_20250327-013159.txt'
INFO:root:20250327-013223 [SUCCESS] '/home/ec2-user/environment/ICTPRG302Assessment/Backup_Program/test_files/text.txt' has been backed up succesfully to '/home/ec2-user/environment/ICTPRG302Assessment/Backup_Program/backups/text_backup_20250327-013223.txt'
ERROR:root:20250327-022317 [FAILED] TypeError - The argument entered into the command line is not supported.
ERROR:root:20250327-022345 [FAILED] TypeError - The argument entered into the command line is not supported.
ERROR:root:20250327-022557 [FAILED] TypeError - The argument entered into the command line is not supported.
ERROR:root:20250327-023016 [FAILED] TypeError - The argument entered into the command line is not supported.
ERROR:root:20250327-023256 [FAILED] FileNotFoundError - The source file could not be found: 'Invalid CLI Argument'
ERROR:root:20250327-024553 [FAILED] TypeError - The argument entered into the command line is not supported.
INFO:root:20250327-024739 [SUCCESS] '/home/ec2-user/environment/ICTPRG302Assessment/Backup_Program/test_files/text.txt' has been backed up succesfully to '/home/ec2-user/environment/ICTPRG302Assessment/Backup_Program/backups/text_backup_20250327-024739.txt'
INFO:root:20250327-024742 [SUCCESS] '/home/ec2-user/environment/ICTPRG302Assessment/Backup_Program/test_files/foldertest' has been backed up succesfully to '/home/ec2-user/environment/ICTPRG302Assessment/Backup_Program/backups/foldertest_backup_20250327-024742'
INFO:root:20250327-024744 [SUCCESS] '/home/ec2-user/environment/ICTPRG302Assessment/Backup_Program/test_files/testpython.py' has been backed up succesfully to '/home/ec2-user/environment/ICTPRG302Assessment/Backup_Program/backups/testpython_backup_20250327-024744.py'
ERROR:root:20250327-024754 [FAILED] FileNotFoundError - The backup folder could not be found: '/home/ec2-user/environment/ICTPRG302Assessment/Backup_Program/backups'
ERROR:root:20250327-025016 [FAILED] TypeError - The argument entered into the command line is not supported.
ERROR:root:20250327-025135 [FAILED] TypeError - The argument entered into the command line is not supported.
ERROR:root:20250327-025204 [FAILED] TypeError - The argument entered into the command line is not supported.
ERROR:root:20250327-025813 [FAILED] TypeError - The argument entered into the command line is not supported.
